<?xml version="1.0" encoding="UTF-8"?>
<!-- Generated by org.testng.reporters.JUnitXMLReporter -->
<testsuite ignored="0" hostname="DESKTOP-GFO15FD" failures="0" tests="3" name="Default test" time="9.324" errors="0" timestamp="2022-10-18T14:13:30 CDT">
  <testcase classname="files.dynamicJson" name="addBook" time="5.284"/>
  <testcase classname="files.dynamicJson" name="addBook" time="2.005"/>
  <testcase classname="files.dynamicJson" name="addBook" time="1.975"/>
</testsuite> <!-- Default test -->
