<?xml version="1.0" encoding="UTF-8"?>
<!-- Generated by org.testng.reporters.JUnitXMLReporter -->
<testsuite ignored="0" hostname="DESKTOP-GFO15FD" failures="0" tests="3" name="Default test" time="30.07" errors="0" timestamp="2022-10-18T14:40:25 CDT">
  <testcase classname="files.dynamicJson" name="addBook" time="8.969"/>
  <testcase classname="files.dynamicJson" name="addBook" time="5.351"/>
  <testcase classname="files.dynamicJson" name="addBook" time="15.686"/>
</testsuite> <!-- Default test -->
