<?xml version="1.0" encoding="UTF-8"?>
<testng-results ignored="0" total="3" passed="3" failed="0" skipped="0">
  <reporter-output>
  </reporter-output>
  <suite started-at="2022-10-18T14:39:55 CDT" name="Default suite" finished-at="2022-10-18T14:40:25 CDT" duration-ms="30070">
    <groups>
    </groups>
    <test started-at="2022-10-18T14:39:55 CDT" name="Default test" finished-at="2022-10-18T14:40:25 CDT" duration-ms="30070">
      <class name="files.dynamicJson">
        <test-method signature="addBook(java.lang.String,java.lang.String)[pri:0, instance:files.dynamicJson@5562c41e]" started-at="2022-10-18T14:39:55 CDT" name="addBook" data-provider="booksData" finished-at="2022-10-18T14:40:04 CDT" duration-ms="8969" status="PASS">
          <params>
            <param index="0">
              <value>
                <![CDATA[frfc]]>
              </value>
            </param>
            <param index="1">
              <value>
                <![CDATA[0825]]>
              </value>
            </param>
          </params>
          <reporter-output>
          </reporter-output>
        </test-method> <!-- addBook -->
        <test-method signature="addBook(java.lang.String,java.lang.String)[pri:0, instance:files.dynamicJson@5562c41e]" started-at="2022-10-18T14:40:04 CDT" name="addBook" data-provider="booksData" finished-at="2022-10-18T14:40:10 CDT" duration-ms="5351" status="PASS">
          <params>
            <param index="0">
              <value>
                <![CDATA[cmme]]>
              </value>
            </param>
            <param index="1">
              <value>
                <![CDATA[7517]]>
              </value>
            </param>
          </params>
          <reporter-output>
          </reporter-output>
        </test-method> <!-- addBook -->
        <test-method signature="addBook(java.lang.String,java.lang.String)[pri:0, instance:files.dynamicJson@5562c41e]" started-at="2022-10-18T14:40:10 CDT" name="addBook" data-provider="booksData" finished-at="2022-10-18T14:40:25 CDT" duration-ms="15686" status="PASS">
          <params>
            <param index="0">
              <value>
                <![CDATA[opmc]]>
              </value>
            </param>
            <param index="1">
              <value>
                <![CDATA[3694]]>
              </value>
            </param>
          </params>
          <reporter-output>
          </reporter-output>
        </test-method> <!-- addBook -->
      </class> <!-- files.dynamicJson -->
    </test> <!-- Default test -->
  </suite> <!-- Default suite -->
</testng-results>
