<?xml version="1.0" encoding="UTF-8"?>
<testng-results ignored="0" total="2" passed="2" failed="0" skipped="0">
  <reporter-output>
  </reporter-output>
  <suite started-at="2022-10-17T14:24:14 CDT" name="Default suite" finished-at="2022-10-17T14:24:15 CDT" duration-ms="1757">
    <groups>
    </groups>
    <test started-at="2022-10-17T14:24:14 CDT" name="Default test" finished-at="2022-10-17T14:24:15 CDT" duration-ms="1757">
      <class name="files.totalPricesValidation">
        <test-method signature="sumOfCourses(int,int,int,io.restassured.path.json.JsonPath)[pri:0, instance:files.totalPricesValidation@47faa49c]" started-at="2022-10-17T14:24:15 CDT" name="sumOfCourses" data-provider="getData" finished-at="2022-10-17T14:24:15 CDT" duration-ms="152" status="PASS">
          <params>
            <param index="0">
              <value>
                <![CDATA[3]]>
              </value>
            </param>
            <param index="1">
              <value>
                <![CDATA[910]]>
              </value>
            </param>
            <param index="2">
              <value>
                <![CDATA[0]]>
              </value>
            </param>
            <param index="3">
              <value>
                <![CDATA[io.restassured.path.json.JsonPath@16073fa8]]>
              </value>
            </param>
          </params>
          <reporter-output>
          </reporter-output>
        </test-method> <!-- sumOfCourses -->
        <test-method signature="titleAndPrice()[pri:0, instance:files.totalPricesValidation@47faa49c]" started-at="2022-10-17T14:24:15 CDT" name="titleAndPrice" finished-at="2022-10-17T14:24:15 CDT" duration-ms="105" status="PASS">
          <reporter-output>
          </reporter-output>
        </test-method> <!-- titleAndPrice -->
      </class> <!-- files.totalPricesValidation -->
    </test> <!-- Default test -->
  </suite> <!-- Default suite -->
</testng-results>
